<?xml version="1.0" encoding="UTF-8"?>
<!-- Generated by org.testng.reporters.JUnitXMLReporter -->
<testsuite ignored="0" hostname="krzysztof-OptiPlex-7020" failures="0" tests="4" name="Command line test" time="0.047" errors="0" timestamp="19 Mar 2019 12:26:35 GMT">
  <testcase classname="com.fonowizja.ox.SignTest" name="testSignExist" time="0.033"/>
  <testcase classname="com.fonowizja.ox.SignTest" name="testSignExist" time="0.0"/>
  <testcase classname="com.fonowizja.ox.SignTest" name="testSignNotExist" time="0.0"/>
  <testcase classname="com.fonowizja.ox.SignTest" name="testSignNotExist" time="0.0"/>
</testsuite> <!-- Command line test -->
