<?xml version="1.0" encoding="UTF-8"?>
<testng-results ignored="0" total="4" passed="4" failed="0" skipped="0">
  <reporter-output>
  </reporter-output>
  <suite started-at="2019-03-19T12:26:35Z" name="com.fonowizja.ox.SignTest" finished-at="2019-03-19T12:26:35Z" duration-ms="47">
    <groups>
    </groups>
    <test started-at="2019-03-19T12:26:35Z" name="Command line test" finished-at="2019-03-19T12:26:35Z" duration-ms="47">
      <class name="com.fonowizja.ox.SignTest">
        <test-method signature="testSignExist(com.fonowizja.ox.Sign, java.lang.String)[pri:0, instance:com.fonowizja.ox.SignTest@7fc229ab]" started-at="2019-03-19T12:26:35Z" name="testSignExist" data-provider="getSigns" finished-at="2019-03-19T12:26:35Z" duration-ms="33" status="PASS">
          <params>
            <param index="0">
              <value>
                <![CDATA[O]]>
              </value>
            </param>
            <param index="1">
              <value>
                <![CDATA[O]]>
              </value>
            </param>
          </params>
          <reporter-output>
          </reporter-output>
        </test-method> <!-- testSignExist -->
        <test-method signature="testSignExist(com.fonowizja.ox.Sign, java.lang.String)[pri:0, instance:com.fonowizja.ox.SignTest@7fc229ab]" started-at="2019-03-19T12:26:35Z" name="testSignExist" data-provider="getSigns" finished-at="2019-03-19T12:26:35Z" duration-ms="0" status="PASS">
          <params>
            <param index="0">
              <value>
                <![CDATA[X]]>
              </value>
            </param>
            <param index="1">
              <value>
                <![CDATA[X]]>
              </value>
            </param>
          </params>
          <reporter-output>
          </reporter-output>
        </test-method> <!-- testSignExist -->
        <test-method signature="testSignNotExist(com.fonowizja.ox.Sign, java.lang.String)[pri:0, instance:com.fonowizja.ox.SignTest@7fc229ab]" started-at="2019-03-19T12:26:35Z" name="testSignNotExist" data-provider="getSignsNegative" finished-at="2019-03-19T12:26:35Z" duration-ms="0" status="PASS">
          <params>
            <param index="0">
              <value>
                <![CDATA[O]]>
              </value>
            </param>
            <param index="1">
              <value>
                <![CDATA[X]]>
              </value>
            </param>
          </params>
          <reporter-output>
          </reporter-output>
        </test-method> <!-- testSignNotExist -->
        <test-method signature="testSignNotExist(com.fonowizja.ox.Sign, java.lang.String)[pri:0, instance:com.fonowizja.ox.SignTest@7fc229ab]" started-at="2019-03-19T12:26:35Z" name="testSignNotExist" data-provider="getSignsNegative" finished-at="2019-03-19T12:26:35Z" duration-ms="0" status="PASS">
          <params>
            <param index="0">
              <value>
                <![CDATA[X]]>
              </value>
            </param>
            <param index="1">
              <value>
                <![CDATA[O]]>
              </value>
            </param>
          </params>
          <reporter-output>
          </reporter-output>
        </test-method> <!-- testSignNotExist -->
      </class> <!-- com.fonowizja.ox.SignTest -->
    </test> <!-- Command line test -->
  </suite> <!-- com.fonowizja.ox.SignTest -->
</testng-results>
